{"level":"INFO","message":"[4:17:15.242 PM]: Creating new connection object"}
{"level":"INFO","message":"[4:17:15.280 PM]: Creating Connection[id: 151c9dde-fb47-43ed-8448-a17f92097f17] with host: cixxjbf-wp67697.snowflakecomputing.com, account: cixxjbf-wp67697, accessUrl: https://cixxjbf-wp67697.snowflakecomputing.com, user: HYUNMI21, password is provided, role: PU_SQL_SAP, database: FNF, schema: SAP_FNF, warehouse: DEV_WH, region: undefined, authenticator: SNOWFLAKE, ocsp mode: FAIL_OPEN, os: win32, os version: 10.0.26100"}
{"level":"INFO","message":"[4:17:15.285 PM]: Connection[id: 151c9dde-fb47-43ed-8448-a17f92097f17] additional details: passcode in password is provided, passcode is not provided, private key is not provided, application: undefined, client name: snowflake-sdk, client version: 1.15.0, retry timeout: 300, private key path: undefined, private key pass is not provided, client store temporary credential: false, browser response timeout: 120000"}
{"level":"INFO","message":"[4:17:15.288 PM]: Connection[id: 151c9dde-fb47-43ed-8448-a17f92097f17] - connection object created successfully."}
{"level":"INFO","message":"[4:17:15.291 PM]: Connection[id: 151c9dde-fb47-43ed-8448-a17f92097f17] - connecting. Associated Snowflake domain: GLOBAL"}
{"level":"INFO","message":"[4:17:15.294 PM]: Connection[id: 151c9dde-fb47-43ed-8448-a17f92097f17] - authentication successful using: SNOWFLAKE"}
{"level":"INFO","message":"[4:17:15.297 PM]: Trying to initialize Easy Logging"}
{"level":"INFO","message":"[4:17:15.315 PM]: No client config detected."}
{"level":"INFO","message":"[4:17:15.317 PM]: No config file path found. Client config will not be used."}
{"level":"INFO","message":"[4:17:15.319 PM]: Easy Logging is disabled as no config has been found"}
{"level":"INFO","message":"[4:17:15.331 PM]: Connection[id: 151c9dde-fb47-43ed-8448-a17f92097f17] - connected successfully after 39.66309999999794 milliseconds"}
{"level":"INFO","message":"[4:25:36.310 PM]: Creating new connection object"}
{"level":"INFO","message":"[4:25:36.356 PM]: Creating Connection[id: 5b89b242-562e-4cd8-9b00-d4702e395ea0] with host: cixxjbf-wp67697.snowflakecomputing.com, account: cixxjbf-wp67697, accessUrl: https://cixxjbf-wp67697.snowflakecomputing.com, user: HYUNMI21, password is provided, role: PU_SQL_SAP, database: FNF, schema: SAP_FNF, warehouse: DEV_WH, region: undefined, authenticator: SNOWFLAKE, ocsp mode: FAIL_OPEN, os: win32, os version: 10.0.26100"}
{"level":"INFO","message":"[4:25:36.359 PM]: Connection[id: 5b89b242-562e-4cd8-9b00-d4702e395ea0] additional details: passcode in password is provided, passcode is not provided, private key is not provided, application: undefined, client name: snowflake-sdk, client version: 1.15.0, retry timeout: 300, private key path: undefined, private key pass is not provided, client store temporary credential: false, browser response timeout: 120000"}
{"level":"INFO","message":"[4:25:36.361 PM]: Connection[id: 5b89b242-562e-4cd8-9b00-d4702e395ea0] - connection object created successfully."}
{"level":"INFO","message":"[4:25:36.364 PM]: Connection[id: 5b89b242-562e-4cd8-9b00-d4702e395ea0] - connecting. Associated Snowflake domain: GLOBAL"}
{"level":"INFO","message":"[4:25:36.366 PM]: Connection[id: 5b89b242-562e-4cd8-9b00-d4702e395ea0] - authentication successful using: SNOWFLAKE"}
{"level":"INFO","message":"[4:25:36.368 PM]: Trying to initialize Easy Logging"}
{"level":"INFO","message":"[4:25:36.397 PM]: No client config detected."}
{"level":"INFO","message":"[4:25:36.399 PM]: No config file path found. Client config will not be used."}
{"level":"INFO","message":"[4:25:36.402 PM]: Easy Logging is disabled as no config has been found"}
{"level":"INFO","message":"[4:25:36.411 PM]: Connection[id: 5b89b242-562e-4cd8-9b00-d4702e395ea0] - connected successfully after 47.75300000002608 milliseconds"}
{"level":"INFO","message":"[5:00:26.791 PM]: Creating new connection object"}
{"level":"INFO","message":"[5:00:26.810 PM]: Creating Connection[id: e712e472-f833-4501-9a01-179953a283ed] with host: cixxjbf-wp67697.snowflakecomputing.com, account: cixxjbf-wp67697, accessUrl: https://cixxjbf-wp67697.snowflakecomputing.com, user: HYUNMI21, password is provided, role: PU_SQL_SAP, database: FNF, schema: SAP_FNF, warehouse: DEV_WH, region: undefined, authenticator: SNOWFLAKE, ocsp mode: FAIL_OPEN, os: win32, os version: 10.0.26100"}
{"level":"INFO","message":"[5:00:26.811 PM]: Connection[id: e712e472-f833-4501-9a01-179953a283ed] additional details: passcode in password is provided, passcode is not provided, private key is not provided, application: undefined, client name: snowflake-sdk, client version: 1.15.0, retry timeout: 300, private key path: undefined, private key pass is not provided, client store temporary credential: false, browser response timeout: 120000"}
{"level":"INFO","message":"[5:00:26.812 PM]: Connection[id: e712e472-f833-4501-9a01-179953a283ed] - connection object created successfully."}
{"level":"INFO","message":"[5:00:26.813 PM]: Connection[id: e712e472-f833-4501-9a01-179953a283ed] - connecting. Associated Snowflake domain: GLOBAL"}
{"level":"INFO","message":"[5:00:26.814 PM]: Connection[id: e712e472-f833-4501-9a01-179953a283ed] - authentication successful using: SNOWFLAKE"}
{"level":"INFO","message":"[5:00:26.815 PM]: Trying to initialize Easy Logging"}
{"level":"INFO","message":"[5:00:26.831 PM]: No client config detected."}
{"level":"INFO","message":"[5:00:26.832 PM]: No config file path found. Client config will not be used."}
{"level":"INFO","message":"[5:00:26.833 PM]: Easy Logging is disabled as no config has been found"}
{"level":"INFO","message":"[5:00:26.840 PM]: Connection[id: e712e472-f833-4501-9a01-179953a283ed] - connected successfully after 26.599900000263005 milliseconds"}
{"level":"INFO","message":"[5:00:51.230 PM]: Creating new connection object"}
{"level":"INFO","message":"[5:00:51.233 PM]: Creating Connection[id: 78b53bb2-1b43-465b-bb40-457c0217e99f] with host: cixxjbf-wp67697.snowflakecomputing.com, account: cixxjbf-wp67697, accessUrl: https://cixxjbf-wp67697.snowflakecomputing.com, user: HYUNMI21, password is provided, role: PU_SQL_SAP, database: FNF, schema: SAP_FNF, warehouse: DEV_WH, region: undefined, authenticator: SNOWFLAKE, ocsp mode: FAIL_OPEN, os: win32, os version: 10.0.26100"}
{"level":"INFO","message":"[5:00:51.233 PM]: Connection[id: 78b53bb2-1b43-465b-bb40-457c0217e99f] additional details: passcode in password is provided, passcode is not provided, private key is not provided, application: undefined, client name: snowflake-sdk, client version: 1.15.0, retry timeout: 300, private key path: undefined, private key pass is not provided, client store temporary credential: false, browser response timeout: 120000"}
{"level":"INFO","message":"[5:00:51.234 PM]: Connection[id: 78b53bb2-1b43-465b-bb40-457c0217e99f] - connection object created successfully."}
{"level":"INFO","message":"[5:00:51.234 PM]: Connection[id: 78b53bb2-1b43-465b-bb40-457c0217e99f] - connecting. Associated Snowflake domain: GLOBAL"}
{"level":"INFO","message":"[5:00:51.234 PM]: Connection[id: 78b53bb2-1b43-465b-bb40-457c0217e99f] - authentication successful using: SNOWFLAKE"}
{"level":"INFO","message":"[5:00:51.236 PM]: Connection[id: 78b53bb2-1b43-465b-bb40-457c0217e99f] - connected successfully after 2.2571000000461936 milliseconds"}
{"level":"INFO","message":"[5:02:30.719 PM]: Creating new connection object"}
{"level":"INFO","message":"[5:02:30.761 PM]: Creating Connection[id: 37115773-7da6-4bc8-8d77-9c20870dbfce] with host: cixxjbf-wp67697.snowflakecomputing.com, account: cixxjbf-wp67697, accessUrl: https://cixxjbf-wp67697.snowflakecomputing.com, user: HYUNMI21, password is provided, role: PU_SQL_SAP, database: FNF, schema: SAP_FNF, warehouse: DEV_WH, region: undefined, authenticator: SNOWFLAKE, ocsp mode: FAIL_OPEN, os: win32, os version: 10.0.26100"}
{"level":"INFO","message":"[5:02:30.764 PM]: Connection[id: 37115773-7da6-4bc8-8d77-9c20870dbfce] additional details: passcode in password is provided, passcode is not provided, private key is not provided, application: undefined, client name: snowflake-sdk, client version: 1.15.0, retry timeout: 300, private key path: undefined, private key pass is not provided, client store temporary credential: false, browser response timeout: 120000"}
{"level":"INFO","message":"[5:02:30.766 PM]: Connection[id: 37115773-7da6-4bc8-8d77-9c20870dbfce] - connection object created successfully."}
{"level":"INFO","message":"[5:02:30.770 PM]: Connection[id: 37115773-7da6-4bc8-8d77-9c20870dbfce] - connecting. Associated Snowflake domain: GLOBAL"}
{"level":"INFO","message":"[5:02:30.773 PM]: Connection[id: 37115773-7da6-4bc8-8d77-9c20870dbfce] - authentication successful using: SNOWFLAKE"}
{"level":"INFO","message":"[5:02:30.776 PM]: Trying to initialize Easy Logging"}
{"level":"INFO","message":"[5:02:30.788 PM]: No client config detected."}
{"level":"INFO","message":"[5:02:30.790 PM]: No config file path found. Client config will not be used."}
{"level":"INFO","message":"[5:02:30.791 PM]: Easy Logging is disabled as no config has been found"}
{"level":"INFO","message":"[5:02:30.810 PM]: Connection[id: 37115773-7da6-4bc8-8d77-9c20870dbfce] - connected successfully after 40.26189999980852 milliseconds"}
{"level":"INFO","message":"[5:02:35.330 PM]: Creating new connection object"}
{"level":"INFO","message":"[5:02:35.347 PM]: Creating Connection[id: 6487a624-2860-4ae4-97d7-03ce827d84a3] with host: cixxjbf-wp67697.snowflakecomputing.com, account: cixxjbf-wp67697, accessUrl: https://cixxjbf-wp67697.snowflakecomputing.com, user: HYUNMI21, password is provided, role: PU_SQL_SAP, database: FNF, schema: SAP_FNF, warehouse: DEV_WH, region: undefined, authenticator: SNOWFLAKE, ocsp mode: FAIL_OPEN, os: win32, os version: 10.0.26100"}
{"level":"INFO","message":"[5:02:35.355 PM]: Connection[id: 6487a624-2860-4ae4-97d7-03ce827d84a3] additional details: passcode in password is provided, passcode is not provided, private key is not provided, application: undefined, client name: snowflake-sdk, client version: 1.15.0, retry timeout: 300, private key path: undefined, private key pass is not provided, client store temporary credential: false, browser response timeout: 120000"}
{"level":"INFO","message":"[5:02:35.356 PM]: Connection[id: 6487a624-2860-4ae4-97d7-03ce827d84a3] - connection object created successfully."}
{"level":"INFO","message":"[5:02:35.356 PM]: Connection[id: 6487a624-2860-4ae4-97d7-03ce827d84a3] - connecting. Associated Snowflake domain: GLOBAL"}
{"level":"INFO","message":"[5:02:35.359 PM]: Connection[id: 6487a624-2860-4ae4-97d7-03ce827d84a3] - authentication successful using: SNOWFLAKE"}
{"level":"INFO","message":"[5:02:35.367 PM]: Connection[id: 6487a624-2860-4ae4-97d7-03ce827d84a3] - connected successfully after 11.083199999760836 milliseconds"}
{"level":"INFO","message":"[5:06:34.489 PM]: Creating new connection object"}
{"level":"INFO","message":"[5:06:34.533 PM]: Creating Connection[id: 6a4b08cc-41c5-4082-a39f-a9ea1bc169ff] with host: cixxjbf-wp67697.snowflakecomputing.com, account: cixxjbf-wp67697, accessUrl: https://cixxjbf-wp67697.snowflakecomputing.com, user: HYUNMI21, password is provided, role: PU_SQL_SAP, database: FNF, schema: SAP_FNF, warehouse: DEV_WH, region: undefined, authenticator: SNOWFLAKE, ocsp mode: FAIL_OPEN, os: win32, os version: 10.0.26100"}
{"level":"INFO","message":"[5:06:34.535 PM]: Connection[id: 6a4b08cc-41c5-4082-a39f-a9ea1bc169ff] additional details: passcode in password is provided, passcode is not provided, private key is not provided, application: undefined, client name: snowflake-sdk, client version: 1.15.0, retry timeout: 300, private key path: undefined, private key pass is not provided, client store temporary credential: false, browser response timeout: 120000"}
{"level":"INFO","message":"[5:06:34.537 PM]: Connection[id: 6a4b08cc-41c5-4082-a39f-a9ea1bc169ff] - connection object created successfully."}
{"level":"INFO","message":"[5:06:34.539 PM]: Connection[id: 6a4b08cc-41c5-4082-a39f-a9ea1bc169ff] - connecting. Associated Snowflake domain: GLOBAL"}
{"level":"INFO","message":"[5:06:34.542 PM]: Connection[id: 6a4b08cc-41c5-4082-a39f-a9ea1bc169ff] - authentication successful using: SNOWFLAKE"}
{"level":"INFO","message":"[5:06:34.544 PM]: Trying to initialize Easy Logging"}
{"level":"INFO","message":"[5:06:34.554 PM]: No client config detected."}
{"level":"INFO","message":"[5:06:34.555 PM]: No config file path found. Client config will not be used."}
{"level":"INFO","message":"[5:06:34.557 PM]: Easy Logging is disabled as no config has been found"}
{"level":"INFO","message":"[5:06:34.570 PM]: Connection[id: 6a4b08cc-41c5-4082-a39f-a9ea1bc169ff] - connected successfully after 30.830500000156462 milliseconds"}
